c:\users\gglaim\desktop\comp-4995-termproject\chapter 10 blending\blenddemo\blenddemo\x64\debug\vc143.pdb
c:\users\gglaim\desktop\comp-4995-termproject\chapter 10 blending\blenddemo\blenddemo\x64\debug\vc143.idb
c:\users\gglaim\desktop\comp-4995-termproject\chapter 10 blending\blenddemo\blenddemo\x64\debug\waves.obj
c:\users\gglaim\desktop\comp-4995-termproject\chapter 10 blending\blenddemo\blenddemo\x64\debug\frameresource.obj
c:\users\gglaim\desktop\comp-4995-termproject\chapter 10 blending\blenddemo\blenddemo\x64\debug\blendapp.obj
c:\users\gglaim\desktop\comp-4995-termproject\chapter 10 blending\blenddemo\blenddemo\x64\debug\camera.obj
c:\users\gglaim\desktop\comp-4995-termproject\chapter 10 blending\blenddemo\blenddemo\x64\debug\mathhelper.obj
c:\users\gglaim\desktop\comp-4995-termproject\chapter 10 blending\blenddemo\blenddemo\x64\debug\geometrygenerator.obj
c:\users\gglaim\desktop\comp-4995-termproject\chapter 10 blending\blenddemo\blenddemo\x64\debug\gametimer.obj
c:\users\gglaim\desktop\comp-4995-termproject\chapter 10 blending\blenddemo\blenddemo\x64\debug\ddstextureloader.obj
c:\users\gglaim\desktop\comp-4995-termproject\chapter 10 blending\blenddemo\blenddemo\x64\debug\d3dutil.obj
c:\users\gglaim\desktop\comp-4995-termproject\chapter 10 blending\blenddemo\blenddemo\x64\debug\d3dapp.obj
c:\users\gglaim\desktop\comp-4995-termproject\chapter 10 blending\blenddemo\x64\debug\blenddemo.exe
c:\users\gglaim\desktop\comp-4995-termproject\chapter 10 blending\blenddemo\x64\debug\blenddemo.pdb
c:\users\gglaim\desktop\comp-4995-termproject\chapter 10 blending\blenddemo\blenddemo\x64\debug\blenddemo.ilk
c:\users\conner\documents\term 4\4995\termproj\chapter 10 blending\blenddemo\blenddemo\x64\debug\blendapp.obj
c:\users\conner\documents\term 4\4995\termproj\chapter 10 blending\blenddemo\blenddemo\x64\debug\camera.obj
c:\users\conner\documents\term 4\4995\termproj\chapter 10 blending\blenddemo\blenddemo\x64\debug\d3dapp.obj
c:\users\conner\documents\term 4\4995\termproj\chapter 10 blending\blenddemo\blenddemo\x64\debug\d3dutil.obj
c:\users\conner\documents\term 4\4995\termproj\chapter 10 blending\blenddemo\blenddemo\x64\debug\ddstextureloader.obj
c:\users\conner\documents\term 4\4995\termproj\chapter 10 blending\blenddemo\blenddemo\x64\debug\frameresource.obj
c:\users\conner\documents\term 4\4995\termproj\chapter 10 blending\blenddemo\blenddemo\x64\debug\gametimer.obj
c:\users\conner\documents\term 4\4995\termproj\chapter 10 blending\blenddemo\blenddemo\x64\debug\geometrygenerator.obj
c:\users\conner\documents\term 4\4995\termproj\chapter 10 blending\blenddemo\blenddemo\x64\debug\mathhelper.obj
c:\users\conner\documents\term 4\4995\termproj\chapter 10 blending\blenddemo\blenddemo\x64\debug\waves.obj
c:\users\conner\documents\term 4\4995\termproj\chapter 10 blending\blenddemo\blenddemo\x64\debug\blenddemo.ilk
c:\users\conner\documents\term 4\4995\termproj\chapter 10 blending\blenddemo\blenddemo\x64\debug\vc143.idb
c:\users\conner\documents\term 4\4995\termproj\chapter 10 blending\blenddemo\blenddemo\x64\debug\vc143.pdb
c:\users\conner\documents\term 4\4995\termproj\chapter 10 blending\blenddemo\x64\debug\blenddemo.pdb
c:\users\conner\documents\term 4\4995\termproj\chapter 10 blending\blenddemo\x64\debug\blenddemo.exe
c:\users\conner\documents\term 4\4995\termproj\chapter 10 blending\blenddemo\blenddemo\x64\debug\blenddemo.tlog\cl.command.1.tlog
c:\users\conner\documents\term 4\4995\termproj\chapter 10 blending\blenddemo\blenddemo\x64\debug\blenddemo.tlog\cl.items.tlog
c:\users\conner\documents\term 4\4995\termproj\chapter 10 blending\blenddemo\blenddemo\x64\debug\blenddemo.tlog\cl.read.1.tlog
c:\users\conner\documents\term 4\4995\termproj\chapter 10 blending\blenddemo\blenddemo\x64\debug\blenddemo.tlog\cl.write.1.tlog
c:\users\conner\documents\term 4\4995\termproj\chapter 10 blending\blenddemo\blenddemo\x64\debug\blenddemo.tlog\link.command.1.tlog
c:\users\conner\documents\term 4\4995\termproj\chapter 10 blending\blenddemo\blenddemo\x64\debug\blenddemo.tlog\link.read.1.tlog
c:\users\conner\documents\term 4\4995\termproj\chapter 10 blending\blenddemo\blenddemo\x64\debug\blenddemo.tlog\link.secondary.1.tlog
c:\users\conner\documents\term 4\4995\termproj\chapter 10 blending\blenddemo\blenddemo\x64\debug\blenddemo.tlog\link.write.1.tlog
